songseeker_free/proguard.cfg
-optimizationpasses 5
-dontusemixedcaseclassnames
-dontskipnonpubliclibraryclasses
-dontpreverify
-verbose
-optimizations !code/simplification/arithmetic,!field/*,!class/merging/*

-libraryjars C:\Users\Helder\Dev\android-sdk\platforms\android-8\android.jar
-libraryjars ..\songseeker\lib\jEN.jar
-libraryjars ..\songseeker\lib\last.fm-bindings-0.1.0.jar
-libraryjars ..\songseeker\lib\json_simple-1.1.jar
-libraryjars ..\songseeker\lib\signpost-commonshttp4-1.2.1.1.jar
-libraryjars ..\songseeker\lib\signpost-core-1.2.1.1.jar

-libraryjars ..\songseeker\lib\gdata\dependencies\guava-r09.jar
-libraryjars ..\songseeker\lib\gdata\google-api-client-1.5.0-beta.jar
-libraryjars ..\songseeker\lib\gdata\google-api-client-extensions-1.5.0-beta.jar
-libraryjars ..\songseeker\lib\gdata\google-api-client-extensions-android2-1.5.0-beta.jar
-libraryjars ..\songseeker\lib\gdata\google-http-client-1.5.0-beta.jar
-libraryjars ..\songseeker\lib\gdata\google-http-client-extensions-1.5.0-beta.jar
-libraryjars ..\songseeker\lib\gdata\google-http-client-extensions-android2-1.5.0-beta.jar
-libraryjars ..\songseeker\lib\gdata\google-http-client-extensions-android3-1.5.0-beta.jar
-libraryjars ..\songseeker\lib\gdata\google-oauth-client-1.5.0-beta.jar
-libraryjars ..\songseeker\lib\gdata\google-oauth-client-extensions-1.5.0-beta.jar

-keep public class * extends android.app.Activity
-keep public class * extends android.app.Application
-keep public class * extends android.app.Service
-keep public class * extends android.content.BroadcastReceiver
-keep public class * extends android.content.ContentProvider
-keep public class * extends android.app.backup.BackupAgentHelper
-keep public class * extends android.preference.Preference
-keep public class com.android.vending.licensing.ILicensingService

-keepclasseswithmembernames class * {
    native <methods>;
}

-keepclasseswithmembers class * {
    public <init>(android.content.Context, android.util.AttributeSet);
}

-keepclasseswithmembers class * {
    public <init>(android.content.Context, android.util.AttributeSet, int);
}

-keepclassmembers class * extends android.app.Activity {
   public void *(android.view.View);
}

-keepclassmembers enum * {
    public static **[] values();
    public static ** valueOf(java.lang.String);
}

-keep class * implements android.os.Parcelable {
  public static final android.os.Parcelable$Creator *;
}

-dontwarn com.echonest.api.v4.tests.**
-dontwarn org.apache.commons.codec.binary.Base64

-dontwarn javax.jdo.**
-dontwarn javax.servlet.http.**
-dontwarn javax.servlet.ServletException
-dontwarn net.oauth.jsontoken.crypto.AbstractSigner
-dontwarn javax.annotation.**
-dontwarn org.codehaus.jackson.JsonToken
-dontwarn com.google.appengine.api.urlfetch.**
-dontwarn org.codehaus.jackson.**
-dontwarn com.google.gson.stream.JsonReader
-dontwarn com.google.gson.stream.JsonWriter
-dontwarn com.google.gson.stream.JsonToken
-dontwarn com.google.protobuf.MessageLite
-dontwarn com.google.appengine.api.appidentity.**
-dontwarn net.oauth.signatures.SignedJsonAssertionToken
-dontwarn net.oauth.jsontoken.JsonToken
-dontwarn net.oauth.jsontoken.crypto.SignatureAlgorithm
-dontwarn org.joda.time.Instant
-dontwarn org.joda.time.Duration
-dontwarn com.google.api.client.extensions.appengine.auth.**
-dontwarn sun.misc.Unsafe
-dontwarn com.google.appengine.api.users.**