songseeker_free/proguard/mapping.txt
com.seekermob.songseeker.data.SongInfo -> com.seekermob.songseeker.data.SongInfo:
    java.lang.String name -> a
    java.lang.String trackNum -> b
    java.lang.String buyUrl -> c
    java.lang.String duration -> d
    java.lang.String id -> e
    java.lang.String previewUrl -> f
    java.lang.String version -> g
    com.seekermob.songseeker.data.ArtistInfo artist -> h
    com.seekermob.songseeker.data.ReleaseInfo release -> i
    android.os.Parcelable$Creator CREATOR -> CREATOR
    int describeContents() -> describeContents
    void writeToParcel(android.os.Parcel,int) -> writeToParcel
com.seekermob.songseeker.data.SongInfo$1 -> com.seekermob.songseeker.data.k:
    java.lang.Object createFromParcel(android.os.Parcel) -> createFromParcel
    java.lang.Object[] newArray(int) -> newArray
com.seekermob.songseeker.data.SongNamesParcel -> com.seekermob.songseeker.data.SongNamesParcel:
    java.util.ArrayList songNames -> a
    android.os.Parcelable$Creator CREATOR -> CREATOR
    void addName(java.lang.String) -> a
    java.util.ArrayList getSongNames() -> a
    int describeContents() -> describeContents
    void writeToParcel(android.os.Parcel,int) -> writeToParcel
com.seekermob.songseeker.data.SongNamesParcel$1 -> com.seekermob.songseeker.data.j:
    java.lang.Object createFromParcel(android.os.Parcel) -> createFromParcel
    java.lang.Object[] newArray(int) -> newArray
com.seekermob.songseeker.data.UserPlaylistsData -> com.seekermob.songseeker.data.e:
    java.util.ArrayList playlists -> a
    int getPlaylistsSize() -> a
    java.lang.String getPlaylistName(int) -> a
    java.lang.String getPlaylistNumSongs(int) -> b
    java.lang.String getPlaylistImage(int) -> c
    java.lang.String getPlaylistId(int) -> d
    void addPlaylist(java.lang.String,java.lang.String,java.lang.String,java.lang.String) -> a
    void addPlaylist(java.lang.String,java.lang.Integer,java.lang.String) -> a
com.seekermob.songseeker.data.UserPlaylistsData$Playlist -> com.seekermob.songseeker.data.h:
    java.lang.String name -> a
    java.lang.String numSongs -> b
    java.lang.String imageUrl -> c
    java.lang.String id -> d
    com.seekermob.songseeker.data.UserPlaylistsData this$0 -> e
com.seekermob.songseeker.data.UserProfile -> com.seekermob.songseeker.data.a:
    com.seekermob.songseeker.data.UserProfile obj -> a
    com.seekermob.songseeker.data.UserProfile$Profile profile -> b
    com.seekermob.songseeker.util.FileCache fileCache -> c
    com.seekermob.songseeker.data.UserProfile$AddToProfileTask addTask -> d
    com.seekermob.songseeker.data.UserProfile getInstance(java.io.File) -> a
    com.seekermob.songseeker.data.UserProfile$Profile getProfile() -> a
    void addToProfile(java.util.ArrayList,android.app.Activity,android.widget.BaseAdapter) -> a
    void addToProfile(java.util.ArrayList,android.app.Activity,android.widget.BaseAdapter,android.app.ProgressDialog) -> a
    void addIdToProfile(java.util.ArrayList,android.app.Activity,android.widget.BaseAdapter) -> b
    void syncAddArtistsToProfile(java.util.ArrayList) -> a
    void removeArtistFromProfile(int,android.widget.BaseAdapter) -> a
    boolean isAlreadyInProfile(java.lang.String) -> a
    boolean isEmpty() -> b
    java.util.ArrayList getRandomArtists(int) -> a
    void clearProfile() -> c
    void onCancel(android.content.DialogInterface) -> onCancel